
> putting-league@0.1.0 start
> react-scripts start

(node:14671) [DEP_WEBPACK_DEV_SERVER_ON_AFTER_SETUP_MIDDLEWARE] DeprecationWarning: 'onAfterSetupMiddleware' option is deprecated. Please use the 'setupMiddlewares' option.
(Use `node --trace-deprecation ...` to show where the warning was created)
(node:14671) [DEP_WEBPACK_DEV_SERVER_ON_BEFORE_SETUP_MIDDLEWARE] DeprecationWarning: 'onBeforeSetupMiddleware' option is deprecated. Please use the 'setupMiddlewares' option.
Starting the development server...

Compiled with warnings.

[eslint]
src/App.js
  Line 1:17:  'useState' is defined but never used  no-unused-vars
  Line 2:50:  'Link' is defined but never used      no-unused-vars

src/components/LeagueStandings.js
  Line 258:6:  React Hook useCallback has a missing dependency: 'courses'. Either include it or remove the dependency array  react-hooks/exhaustive-deps

src/db.js
  Line 386:14:  'coursePar' is assigned a value but never used  no-unused-vars

Search for the keywords to learn more about each warning.
To ignore, add // eslint-disable-next-line to the line before.

WARNING in [eslint]
src/App.js
  Line 1:17:  'useState' is defined but never used  no-unused-vars
  Line 2:50:  'Link' is defined but never used      no-unused-vars

src/components/LeagueStandings.js
  Line 258:6:  React Hook useCallback has a missing dependency: 'courses'. Either include it or remove the dependency array  react-hooks/exhaustive-deps

src/db.js
  Line 386:14:  'coursePar' is assigned a value but never used  no-unused-vars

webpack compiled with 1 warning
