
> putting-league@0.1.0 start
> react-scripts start

(node:4698) [DEP_WEBPACK_DEV_SERVER_ON_AFTER_SETUP_MIDDLEWARE] DeprecationWarning: 'onAfterSetupMiddleware' option is deprecated. Please use the 'setupMiddlewares' option.
(Use `node --trace-deprecation ...` to show where the warning was created)
(node:4698) [DEP_WEBPACK_DEV_SERVER_ON_BEFORE_SETUP_MIDDLEWARE] DeprecationWarning: 'onBeforeSetupMiddleware' option is deprecated. Please use the 'setupMiddlewares' option.
Starting the development server...

Compiled with warnings.

[eslint]
src/App.js
  Line 1:17:  'useState' is defined but never used  no-unused-vars

src/components/RoundSummary.js
  Line 3:51:  'Target' is defined but never used  no-unused-vars
  Line 3:59:  'X' is defined but never used       no-unused-vars

src/pages/Leaderboard.js
  Line 3:25:  'MapPin' is defined but never used  no-unused-vars

Search for the keywords to learn more about each warning.
To ignore, add // eslint-disable-next-line to the line before.

WARNING in [eslint]
src/App.js
  Line 1:17:  'useState' is defined but never used  no-unused-vars

src/components/RoundSummary.js
  Line 3:51:  'Target' is defined but never used  no-unused-vars
  Line 3:59:  'X' is defined but never used       no-unused-vars

src/pages/Leaderboard.js
  Line 3:25:  'MapPin' is defined but never used  no-unused-vars

webpack compiled with 1 warning
